Server listening on http://localhost:8001
2026-01-20T22:06:37.180Z GET /api/nearby?lat=40.7536854&lng=-73.9991637&radius=1000&keyword=jewelry
2026-01-20T22:07:05.653Z GET /api/photo?photoreference=AcnlKN0N9ugE8xEuI9K-omOUDmBXYSB1MBnnrPyQgz7PaEGURgFSTOQtEGKWgYm_IcvnVRNPDwcYIL1AdRLWGR992C1Hcab7V3nZc8m--0109qlnx7bZNBDsQrSISmD-ICdumPiALOjgjIj0QuBm2I5q40syuRNx6RDe37PRwwEB8cGIJemH5a9c_gkX9n6Bg9yXDhT7L_eZEZlcPKJNJTqw53hMYV5DsfI-7SvmdaSTJXkZG5WzNvK1aR33mVMdNzIG_b3zqZUG069KWRKZxtBNJ_D7yPfjOBx95mANVYEcZozKvdQr8Eg&maxwidth=200
2026-01-20T22:07:41.811Z GET /api/photo?photoreference=AcnlKN0Hs_X-Z9J7zAUNX-ZaOgYXYgDv8_a-E4kdoEkSpej1ag-Q-yZyHbMlLAlMEuYhi7199yPuRxIVjnbzrFr874VPSllcpzjysXsXPdd-eJqu0xJ35hT3c8s0LWxQdt-MFrkdEBPGFsD6PCrJFPYEsN1KOwDgrMzh0K2DMJunxtrBaJudwo2Gq4eTqXjLeZKR1glEjBJXwJ7ztydjsiwAA7TYEacgNvyZfKugDzOIj_lYpMiu4LBmTqnb5J-zSiXdVxz4C6i5cGfDqFH4fW8DzzpcdFhqlcbtsTN-w23DJ12mekUJni4&maxwidth=200
2026-01-20T22:08:39.712Z GET /api/photo
2026-01-20T22:08:43.894Z GET /api/photo
2026-01-20T22:08:49.190Z GET /
2026-01-20T22:08:49.205Z GET /style.css
2026-01-20T22:08:49.205Z GET /app.js
2026-01-20T22:09:05.737Z GET /api/nearby?lat=40.731544782833076&lng=-73.82623537292837&radius=10000&keyword=jewelry
2026-01-20T22:09:06.604Z GET /api/details?place_id=ChIJNyN5mr9dwokRNIn6AiyOP7Q
2026-01-20T22:09:06.606Z GET /api/details?place_id=ChIJGUudoTVnwokRhXFidxnkA3A
2026-01-20T22:09:06.606Z GET /api/details?place_id=ChIJIfjCGAdfwokRmZPluVWZKgU
2026-01-20T22:09:06.610Z GET /api/details?place_id=ChIJ9z_KPyZcwokRFEsjK-Im92Q
2026-01-20T22:09:06.613Z GET /api/details?place_id=ChIJuYRKtk9nwokRM_bvyDllEI8
2026-01-20T22:09:06.614Z GET /api/details?place_id=ChIJeS3B1FVZwokRJ84ocz8a0MU
2026-01-20T22:09:06.845Z GET /api/details?place_id=ChIJWTuYrmhfwokR2wnWaH2ZB2A
2026-01-20T22:09:06.849Z GET /api/details?place_id=ChIJq1zcZlxhwokR25nhiG-vrHc
2026-01-20T22:09:06.871Z GET /api/details?place_id=ChIJt_hjN-hcwokRF6C-o85pKH0
2026-01-20T22:09:06.871Z GET /api/details?place_id=ChIJo_yALPpbwokRATmqWeGgu8A
2026-01-20T22:09:06.871Z GET /api/details?place_id=ChIJ0yLy_79dwokReh1SQ5r1Zyc
2026-01-20T22:09:06.874Z GET /api/details?place_id=ChIJBykrMTdfwokR4WUzkKptXtY
2026-01-20T22:09:07.024Z GET /api/details?place_id=ChIJtQ5VoLNlwokRVCVUUdjQHGs
2026-01-20T22:09:07.024Z GET /api/details?place_id=ChIJpQBsoxtcwokRQvj9lQiVIws
2026-01-20T22:09:07.038Z GET /api/details?place_id=ChIJWyjWufJewokRSJ5VA1Tbsug
2026-01-20T22:09:07.042Z GET /api/details?place_id=ChIJGz0DsulcwokRRK0Um5_O-Ws
2026-01-20T22:09:07.047Z GET /api/details?place_id=ChIJpy2CkTVnwokR486LO-calMI
2026-01-20T22:09:07.089Z GET /api/details?place_id=ChIJR97CSoJewokR6G2Fs1vYSoQ
2026-01-20T22:09:07.167Z GET /api/details?place_id=ChIJsfq9odphwokR6aCy95662g8
2026-01-20T22:09:07.181Z GET /api/details?place_id=ChIJL3tie99gwokRTqU6xv9fF9E
2026-01-20T22:09:07.187Z GET /api/photo?photoreference=AcnlKN0VLe0QrjC8FQqhg7-OZEzFwO1TDgA9MGFpogGG--zPHvJLLZ2b7dUCgWtbeqM3GL6PHChYTRXY1Ibll4e_f9RUxlGz_sbjg2amfBOXBOimganJU0vh1-ByN2hgBMOhYXa0fBfdroIYjdHtYM_K73Nsc5ED1rSXtQhzV7ijlCLcsPKIoa33rwnvxT5H7-TLgWSam_8O3Sshl0lTBKelYy_fjDHey4MT79t_R-0O05IZbQMmT-m5MBmgbP9EqhKl9q0tSpH9-JFysD66-Zswx9lCk9DFcn-fja5akBq-HijwMmDb00xEcqL359i1KriBXELR3lJaYW-VOlNR5fZUqekUKwi5tjmyLlnl7JH_kf86P4bCI8oQUD7QcHs1JzEZeUV6QvELpoOhhF-7nxe3kDGRhWuRagYpw5C-9myBRGQ&maxwidth=400
2026-01-20T22:09:07.212Z GET /api/photo?photoreference=AcnlKN1pC7zZz8FAc4Cm3esi1udaROutekuGyoHj-SVBHf8NDVR7gmyQChDrKOMYV3MTnndkc2KxUixo6kEX-Ma2Fg7doSeg5-5P3bsLuenruirw0IPjAog8jquONNJy6bB9xWgW8qjYh5izEG-k_uE9deiH-2uPELeHheNfjT3SHFQxhySnAVtIsiZ8bY5WZmxoj-kIMVr1cF7OfKH_Y37SkVIw6M-s4ViCHWxbIr7q1579M0t4RVu88NP1pXYc8YYDF02G0NR2Hvjw9E7c3i9RGjej1NEPDpi30C2MXhMMQWYSUYpy_-XVEK3r6O82Zxz9gVODVNibhlgEdEZiE_F4bNhontd6xNhvafZ9ggebkt1E2ijQ53-VUuPxV9WurOwcs44vxiHnJ6caVYSa2gdIdybWBmzH8PLILijAKwcw6gCmpUVy&maxwidth=400
2026-01-20T22:09:07.219Z GET /api/photo?photoreference=AcnlKN1qZsROKwIRE-7TS-tiSoK5S4WMOjoXiFxYly-CdCHNrdRO3yYTvvu5gSuO-3hSliG_fTwD0rssc4PTOQoYPdU6diWnAw9DsphPtKDb9Kvu4YRj3b4eAfcyqbiMNIPqnAey8dQuiQ_kHTki1MzQ3O579Tut5JxPgESTTl4Qru6A--BaHzhLUZLe9y1IQcE966aw_zIjE4n4LgczVc3eh7BaAl-i113tv3AUFXxj83CURFrRxFQZxfGvxWcp8xyOolYwmUB2TMivH6ZUw8gi-ojBzQiu1yHxxVEO_vqUWUuesw&maxwidth=400
2026-01-20T22:09:07.225Z GET /api/photo?photoreference=AcnlKN2vVxViThpOITx11mq46Z0m1y9yp2QKs-Bs-OuFNVHq-bg36zbzwaKdaPQuGZY5HxrQU7XGwoRinlvq-roaqedMoKnr2PqjyXj7RSGik2mLEAL7KhcdJHz8-XqjCD16COftiQoCEYREhht-aGOnE6RFl_3v_JFW9oAfJfvJPvhmseMnh3OM7_xoNvPLg-CVaze1wwHuaTVmOdEpb_XTWNZfeNH2bbipNAv0tBqterxRsMgBZxh5IApaDYEvy4-L22QV0P_K-SNA6XrxLoVBPDLMmikahESfCdhOYsjuWI2ALaTCJvVEfe_uJBneKQYu5RETts82s_kgirCS0QxajB9_QxuIyE0WW0OH5W7bj4IiwaQD6JTuDz-BPYI3fsPz88YtmOMkt3sIdjvZVXzvbwm7y8IxvS-NcvLMjWSZH5tPRw&maxwidth=400
2026-01-20T22:09:07.330Z GET /api/photo?photoreference=AcnlKN2ncRcSGyIZ26arzUwi9vyz4-N6p6FL2nw9FSm9W0PCHtEaaD28GT2WF5rN7r7fA0dh31xqkZ3TtipbOOJKgkr4syIJlJHTfFCoqj7eTkfvHDUyZ5_IilOhYhxSNmgwkwqbhdIKEA4_S37os6RvwjQDBk4kEoHJ6BJCnMAeuXLN_FaxHuXmzCu7b1nS7FwABjQ9mztyRaRbs3Tc71jDprRO7X863zAtBfxCBI_aYu6lj1JI58xGBOUhOJJh6DLZ50wTq0hvXwe0g1fPFM6LY_uwmDU09YaKWRV88pvmbafIjg&maxwidth=400
2026-01-20T22:09:07.382Z GET /api/photo?photoreference=AcnlKN25eB7U5l1uHeFpnTExUCtCn0hYYAoaVYUAYm6HU1rxq5tC9ajxAurc0zoTSjXa0K5Smf0tBQG-I6aC6epUJigVuX-22K0xjrqBpPzaXbT464K1Ob9vHmjpUFm8_b8E6nKHyyL3320kAP4DNEdZCihUx8cpmD3YZWw0OCY9dkLGWz5BNIG9okEDsFYNoq0wqcMeCaGtU3RZefZMNhIzJ8d6KJrJ9f2Pij1CzLWDnaJfYTBQtRmrDhXOfGjtFj_12_6qEhbLIiffa3wGPUEg5GbgDe6gspJ-DUj3bY1dos-c9VeESk5XQfdNXroZQ8YwOpnfKtllIcCG6n8A96NKeZhyVslHz_-ylsarYYyRZe0deow4HHmnCXo0qMRY336NMbBfljMq_vDRojJZoStnJSaN1eJ1A8Qkv3nGt2ycsZhwSs0&maxwidth=400
2026-01-20T22:09:07.439Z GET /api/photo?photoreference=AcnlKN2V4DLIySw47Um4FnlaW2w7uspCy_V_NvtCXNk9iJyeGPl-HXg-uX857bXFU6Bo94K8BgUs4BiuFUd3xehJch8hfZ_5HxwMgeol-pnRxPqz-QpQccuWYB9l4Cj0FVAXxm5LDhNQpdzquvwRdDw3VyUwc_zGujeukZKkqQl66W7I9Eq7LD0HOLgPt7EWpvadrjtjGv5FrOwZgGfk6B48SPFwsolXv91IUdb8jlqYn0qGE5eyM6GjKWAkpG_hqLj6Xd_hWb0rgyN1giUUXXKH9m_xKAmiHM-vbVjIBiCwHbevfA&maxwidth=400
2026-01-20T22:09:07.550Z GET /api/photo?photoreference=AcnlKN2ThsErKG3XfvhS1Z9wCfIepiQSEIw4bn5sJqPQSW9OXlsxxZA2F5_qo61XJTju5BIa2onXKYSYAzJZiQe_qaQC7boXGaW5F21jaJpsU_eNoOjySfYJ4v8hykH5aoEWxF8PsJTW9cOR_EY89_L6LowpHVivMyDHxAoyDmL6SllDXm9XkG-Fa13uWCt7uOLTYfFZxvmopJndbXUlFeVxA-DiasHut1vegYf9X8RFSZEFz_7-e94RXEUjwkBzAOcGP1gpNyNv1RkXqI0xZFdCnIM0DffiNJKON09NzUxnwlewzQ&maxwidth=400
2026-01-20T22:09:07.652Z GET /api/photo?photoreference=AcnlKN1TmqAt0hP6wWPIv45i8iMbSn68FOavQXK65K4ZlXM34k6fpKSyil52fIH6zRgsBv2VHgW2CFThIrpia24s_X9B8NRcpSZbQEoAPhzl3sXesjtVeT3raUzog7MRQlQI0rNZhq7LWqFoRt38JTajpvC7WSpPDUfABO26VtP52ZBT9rcD1AVVMlb64d-thIAuAl-n88Op3KNaG3Dv7qaLvFLcYwHA96BKFdLUSg_GnO6YYUpSqRmUJb9y_gyojT1SCySfa6gBhK6G3V-n785vxmgjKRkh1__73Xha2ZfQeITtRA&maxwidth=400
2026-01-20T22:09:07.656Z GET /api/photo?photoreference=AcnlKN047rScoW7ETV2YjJoG2kP4-mSEL2ORAwOWUS0URQIc30jSFeAi6rdnM3Fzgg9ciWBfear9J9U6M3QBVU8voube_Myr3NxvxwgmSBk3EAgW_nLfUGhHDz0hYzDFwj3994Rhs7K8UuMn126uoVvuV1UJcIpxDf8evDw5dfwUhpOuEP_nPNNuZb6lqgnascM7btPWtohpns8mrdEic5Fbq2uZEGbpfvJHHkH57Iyx_1FfkUZwg48UnDrB-_uLmd0dxUwng4iyE68q-dIkM3vwK2CL1yWUM5QrdplaBZW4LC-h3w&maxwidth=400
2026-01-20T22:09:07.685Z GET /api/photo?photoreference=AcnlKN36h9Z4lY16OZuLDsqFfj6iDDVBiB_0b0gVa5jWkZBxKbTQ3QiYvApomzy8v1zlZ-GtpD0LhTjqS-AGxj4UPN9Cj_FkjD7-GEWb3BrZolZPUKAFVNoRJL678uJ8wqjwXKf-sSgQ3av9lXubzDqgWzs3ArN2N8NjqIno7GGDpzMIxzJ1nESy__1-FRGQaNhXZO3-3cMvOCJXIqtaVsrC2paeTsm8aSIF2l6OEPBTADV5N_6iMBOO0KH9Xsud-H3zytzbTu2lsDUZ-YdepGyLuRL7uxR-z9IHZLcKEbc72XNszg&maxwidth=400
2026-01-20T22:09:07.718Z GET /api/photo?photoreference=AcnlKN0T79nxdS0JTM81M4W-OYE2ASxJms9EneY4LBKWHPa3y_DR4m32f1Jkg-_bHMqdJnGwbQwd2AabkOdBaehLNnNjkYzLlGDCMCzaNknAbB9EM9OrbJMjs0KBRq3K7-OrzCDsDhglFx8acc0M_3JJ_oG-IpHqrEJ5tv8VEqL6L-DiMPUaoJmpBCTz4HaLmHbWDJi945HKe7z5NcDqPWcxiuxR8G-L3a_0_-zt4Um-OOMaHtIhzxJ_BlslH4Qrciyhowe2JrwKjxaddEkMiKHvR3Q5-6VEeLqQfTvTJQAA-tGhtS9sJOcwzbd8ihNF_T7jYl8cfSO60zuJ7OsXfo7m4BkqjhpFI_96W36tfzpuVNLbNKkiKAQXMIDv17zkCyGZBFMxVLtO47Y5pYjtFdeAEndEYP5WbM8mlJdEjPO3o_EHEg&maxwidth=400
2026-01-20T22:09:07.723Z GET /api/photo?photoreference=AcnlKN3QShMbh3O2r6qoIs9BPQhFDL2T81P_wW5vwBS1biqj4wWjkG-cTXIz0Y6yQFAYq4e7HvOJrpSAvwqrF7vHjPSxwJgvMbiGU0RCw9I27uvdRb_jlOCN9yvAPDi6K8B2NxAIR38YYvMpZDv1ybJ489Xzc7oHzd_vMP62D0HMRv2FwS35Z5txz4n960zZ9OP0sxxLQjaDxqZlFwl80M-UEBsREY6QY3sZ3pxdOkEzrAYVM1YaSjIjySdwAYXyu7BYr0pB55c2F0FE5VmBXxVS2PnzBTgpJz1auYAiX3cGZnbLGw&maxwidth=400
2026-01-20T22:09:07.816Z GET /api/photo?photoreference=AcnlKN3I7yF-rMH4HVq3DZkNRB5yOV2rm1_bYgrekpBQEuJfSAF-U_OLSXOmAa1538osFwg1VqlLkWXTlFU8xHBJstdSSo88YBdjvF7OIaQdt55jUe72q5U49nCOqJwMrjeQ8qGySRNe--cL09DSTKO9slpHi05QPEwCvDgHp-lyrCL-ueYhbiIYjpA7HRL9cW9rb7Us3CuQ8YSXVFEmOhLacEoN0dBPEhc6aq16ECx8GIWWcIyQ2iPzdikJn92Hw9BQgHrc1zkuY5Djp1Cv-W940GD-KE91S3sgJxiognJhahc&maxwidth=400
2026-01-20T22:09:07.825Z GET /api/photo?photoreference=AcnlKN2IfG8DI5rn59TlpWrJVCLx6rAkGG5KGexGT1PmLQPCaMuA5OWW9gcN1kf304qKXDFMRjuF9JLjtpiNVElHWXbkkXT-aTGz9rTedrEFMc4VROdLHZE74N5-00EfB9JUv8M1tmIaoDFMdBbvIVm59PMWPneK4HMWLerGvPTyqOI6YPbd6rjwao-f0KIHLBhXmUoP-XOY1Qqc2gm0qwIJf-M39ilp-DmDjo2kTbuErO4Dbvf7vJZcD6JT3h33nxTEYuV3nTALkPo6TRIKXzzCywYIBVj7mzQv1COd9DsbA6qbZg&maxwidth=400
2026-01-20T22:09:07.898Z GET /api/photo?photoreference=AcnlKN3OSr2wR2BjxM06Z6PNz_5Wys2QO32PstuG10e1IyxEKaUtU-Lvwgtu5hlSu2I0hQNeOnfnT57aZSseYJOdztZLBxwLV0gdlMwT7fAxdbJrOntWMXKnWeeMRtVrzSfzsSiiaJjRe8iXRaZSPaUYjU1A71jblptWGjoFmBLL_hITYKPblhuVfAEvtu-hh2yXVnZAWHFzlSNxc-1xV6onO7Ffy5iXXIBNaIofyBrYA4v2Tl6urNVfzJFjcrMrEFnN2vSHMJz5jo8Ay6_gi4-KnnB-DQ2nNI7DTPC5lKNx0Q0cAQ&maxwidth=400
2026-01-20T22:09:07.926Z GET /api/photo?photoreference=AcnlKN0947I81W119KY-TvW1gVAuX-dOAdvvjz4XCofjkRsCQGazU-4Lx9Qs3Cd81LcsWnTe8Le5GimrxVluhODglWgdF-KeI5r7g1pPjM5Jta1ex8MMIUtTyFJ69KF_NzxkPESOWh7wvs7_uURWeiTLpUx9FcZrGqTdGkDEoGtYWR5NJrS8pyA4Z4Inkbzc0ipAzeop0EgW8dgNa10kwsRtOv713-OUbE6-I0pr9yjFUEUbJK8SMUmKM-ecUZCjiVYNYFW1naA9jCNIcGcl9p9BmoKIbrgxopbxE_PlfhnCnJVG6g&maxwidth=400
2026-01-20T22:09:08.018Z GET /api/photo?photoreference=AcnlKN2APc9NcWqcbLTEi8a9eY4X5iZpxinEv2S6-sKkS_9ads9GOB2KxVIAFrmK1gcIvx4zIV4yHBV20cBcLtJ-p9JgSlwbQMuQ-8f_oe2fFTH6oet0WrCbg2Yyq0RpZKDzlvl928xoQWjmyXjGhxn9aG--DXwjAfHvNtMVdbgj1BW_d2Msb92nBJ4U-HsHIMv6edDDc5QSUf51Igdt6EsGPZVmLu7j66x-bC8IRXyJsIBTIuwzABINbqaUrsUXo7omhtcAwjaTT4m_LeOi1CvJl0zekOrc7eCGKsTHP0fZl2f1NOtCsEL1UsZk5Hfiv6tK5LRqkfvnCZRktXjRiIhxYJUkns7alWz5sYij5UUAPU8h8U9H01smcjYITgpIsvUWBSWorlBi0951T5grZyWLYvKvmaCdM3SPnIzxrihLWQPvH8n2lBzUconbmSqnqEtY&maxwidth=400
2026-01-20T22:09:08.021Z GET /api/photo?photoreference=AcnlKN3z-gbJNG9SLvhS7Wwtinw1WPZ-lEqMtzwoEueKCaqWUqA_R271gWi82PD7kO3N_3xdbhXgTHJHl3qsDC9qjDlnRiZIyR0YTwJVRHYnmm8aJSaerv3jzBOuD8UZrfNCdoTKtS1P5opp1a5es0YJcDn-_OAPOee1f_5CFkbA3hGRwWJJ1unVWlnt4yY8QnzBBP2Ja4iLzsijxBZn1jyMcDVg8Y8ghIXzP9l-TsGne9qd69E3vsgN76VeY_YUkh-ElG5-W-vTXDSdcGL5FQ7i7Pd2-Ky7bqLtIZNQQIVE7hrTmfHj1SawNLHPlGr8YScGkCkYN9QrlGDMBGEmTQRouQiB_-kJkZIqO2BhcANkdL0oL23kbl2DJ9q-WEvByA9lXHa8HfgqnmE3BN23pBbazkABCopkKXybk1-OwVMc4Z6Fkmk&maxwidth=400
2026-01-20T22:09:08.030Z GET /api/photo?photoreference=AcnlKN0GR6Xl0VgZ0NsxOQdPbPNhLz63ZVn9ovQglK3WMNga1gEGKb9cdAozOLBGkQWcnsi5E3LxgHt4bWJiiHf7sCIYAdcp-yTjJ7qOuacHsEhi-6dGo1PUOfErXHbN_AClgAi246l5a1srUMePZBfcYbTHRVLDhlk6efe-uqCQkmRYm2AEDXDOZ34NnGSl6lf0c29REcYoZKOuEMeoaQcXSkCJ_KKbAGrJnGKuprMxhmiC1QN3S-lz55S45aiokKLimggFegNupCzjddn9EPZYSZtsUjaa3letf-epXrLRhN_bfruoncygIIpREt2s_ZPpWAKwkHEBeBFiUCc_GPd7YXQhBTw9yxk3u35ojaQbRbExI0IhctIj2neKGG-NmuAS8Ks81T6r7t3nsTLFFqlKXokYyKSRb0oRrLd5eM2zTR6CPg&maxwidth=400
2026-01-20T22:09:52.399Z GET /api/geocode?address=10001
2026-01-20T22:09:52.797Z GET /api/nearby?lat=40.75368539999999&lng=-73.9991637&radius=10000&keyword=jewelry
2026-01-20T22:09:53.545Z GET /api/details?place_id=ChIJc0hAlkxawokRS4oCmybakQQ
2026-01-20T22:09:53.546Z GET /api/details?place_id=ChIJM3vzxaVYwokRHlLifYkaH4I
2026-01-20T22:09:53.548Z GET /api/details?place_id=ChIJXYjR8ktawokRlMCoc19Mq8s
2026-01-20T22:09:53.548Z GET /api/details?place_id=ChIJIfjCGAdfwokRmZPluVWZKgU
2026-01-20T22:09:53.551Z GET /api/details?place_id=ChIJ9z_KPyZcwokRFEsjK-Im92Q
2026-01-20T22:09:53.553Z GET /api/details?place_id=ChIJWTuYrmhfwokR2wnWaH2ZB2A
2026-01-20T22:09:53.690Z GET /api/details?place_id=ChIJeTckfKtZwokRRS-eU-DThSk
2026-01-20T22:09:53.726Z GET /api/details?place_id=ChIJTdRDR51ZwokRunXIT6bhhlk
2026-01-20T22:09:53.749Z GET /api/details?place_id=ChIJcT8p_P5YwokRQ7UNC1MdW8Q
2026-01-20T22:09:53.750Z GET /api/details?place_id=ChIJcaPI8HVZwokR5ujPXu9TJAI
2026-01-20T22:09:53.810Z GET /api/details?place_id=ChIJm2JV519ZwokRGKMSJCnxFHI
2026-01-20T22:09:53.847Z GET /api/details?place_id=ChIJB76M_aVZwokRpKlRsiwmMdY
2026-01-20T22:09:53.897Z GET /api/details?place_id=ChIJ6UOZ4lBZwokRsCdhad_PICQ
2026-01-20T22:09:53.901Z GET /api/details?place_id=ChIJo_yALPpbwokRATmqWeGgu8A
2026-01-20T22:09:53.917Z GET /api/details?place_id=ChIJpQBsoxtcwokRQvj9lQiVIws
2026-01-20T22:09:53.957Z GET /api/details?place_id=ChIJFRQIzhBawokRO10IpvAd7eA
2026-01-20T22:09:53.988Z GET /api/details?place_id=ChIJnZoMLCb2wokRPw9ec9MpFyA
2026-01-20T22:09:54.014Z GET /api/details?place_id=ChIJWyjWufJewokRSJ5VA1Tbsug
2026-01-20T22:09:54.066Z GET /api/details?place_id=ChIJlVjolbNZwokRgprDj325Yu0
2026-01-20T22:09:54.066Z GET /api/details?place_id=ChIJXUJw3pxZwokR7MV-neghzic
2026-01-20T22:09:54.079Z GET /api/photo?photoreference=AcnlKN1t-nnvv54IN0l1eiCrkJYj0JnxRY7v0UZHjNwywXK6pMa4jJ00JzCd5Qcg6SzEdmL4YpHWhFFsXYvQw-Tc_jE8fHEx3xxbDiKX6qZYSURavz4wjORILSufDu2l2XjeDPiozV0q4Jsh303RdwXQWkpK9zr-o7lV26nQI-EywxLhEeTgkL6MZ3r-y-DGgHJqWFzjiE9hP1tkHf2Jt97WInSGMeGc_HITXxFQ7AfJ28s3aRP89RQHsOd0WzzMXgBckSH4SL3xBpcnA-wzmlpetdYxfj28XLwyGevoVchJozkxq2rwYRWz-IyyQiduBvN37GA3nsLq1QPpsZfkK-nvRpR-KkHJsMkfY2livmxCr-SMifh0OJW0_gf4hliJKaR5K7rHCzIsgGdoL5fMqGXXlghtw9eICJhsWcTn-U0g75X1Yw&maxwidth=400
2026-01-20T22:09:54.112Z GET /api/photo?photoreference=AcnlKN2W9Lvpk-Pns1z01O9cQbSM7UoZydavk7JDJmUIu5lTsEg4-FPEEgOcryar9ogt0nDnPetAEBmXyX62Zudsv1eCnnenVmwMvnpCGhkz4dMMwZpQ22xCG3bQluPHDPnchCvYdHmvgpzSib8ttlGjm-LxFjWd2fCB6927UljNBQq93nHYkuoHQV0pmBSYwuCiYXfr4SmQ4Ui7MZcjxBfjzbsmqch_oeZipy5lG_irMDc0toI_J2OJ9ETZw06tr_l9VdRX45j3ZqKPc1jChTBMSk3Xg2IAohtNHuxcnhwVoABECg&maxwidth=400
2026-01-20T22:09:54.151Z GET /api/photo?photoreference=AcnlKN2Bd4y10ax_Lt_mrbbDO-dyK5yuTXAiwGWzYDX6acl9pfQTJvYzgDvzJRILoWAXaltqGcA6teAJKsL3j_aSJpy2uQLv3r_WbvzDz9XgOqLIHYQFcrgjodD4csc3XaFq95eO8C_7iRo3Y6ttTNK-_MTpSl4vLNRKH9c7yrjj2Ail_NlsPXL86BvtV4m-seD48TCWanOLs_O2o2p10ZDNZ50l-ChXL1q_8SVBMe7JK46d5KnAGHTEGjpJFLnOitDxj8ZIDEL8UcApjGof3MkMKoh07UCHqQavo3NQKItIhckNBXrGH1OMnp0NbyyW6mVYvNQv2SFFlVQFufGssqtZOKRoQ261yNgWsVeD_enBdEB2Kd4YMKPoYeo8J8W9wQglKKkm9NL0CnGmlBTBYHhZJHVFfnzVzHnoQ9iExCaoBhJskC4&maxwidth=400
2026-01-20T22:09:54.199Z GET /api/photo?photoreference=AcnlKN3jL79Hr2hO0Pni4kbE_L8c8RnC_bMNwKyelbzph3Y5agWq4LnQdY7Fgvccy7cLNjBHcJgZUyV2f23ficsi8gxMW4ZWIvoXdrM-LNpwzqA35yo3s2k-144YDbDcu1PdFuFBOTYV_EEpQqsPI4Hc8hJiAw-K7MR1U1oxJMFj85gniYNcXc_iVDguIttdXtkBYsOADvGJIHRMSmkyOwErqzntyd8a2dJIAHXrWMCrPCcAdJkFmrE3ynTZyzscdjj9mLZQ2ngKwIU9MTmVpwl2fjqT-ELm04cz3WwG-FPx98os4g&maxwidth=400
2026-01-20T22:09:54.219Z GET /api/photo?photoreference=AcnlKN2GuQVVbeJvuVdGmzZAzY_O8gh7Ox1JjjNWZ8LYVO4HJJgT2dmbKUJDmUKxLCYo_P-S9ofoZ0laqj3VxMo2uPq_Lg5IP4PowFOuDZ99ne06FiI_2jqXGjIN1ioEzeghjgaQpsET_aMs9tgPXhYoVcPKH-KB2sw-upt-Kk5NuaKiJ6jVX2iNlf9DGHWB5H23fk___PohvoU40xUNanFbZDPONvqU4qZa_szIJEpO9P3lpihI77rym0AghWh7q5iYAuqfjQa4feOBV7mHslDouP5JSQwbyqG4APvybhdbfjQDtQ&maxwidth=400
2026-01-20T22:09:54.220Z GET /api/photo?photoreference=AcnlKN3Mrt1KfquRx5_Z2B1EcAj1ye5f1zDFB5Ur-ay8uOt9MW2bbX6Ce8C7PwsgHfonxqmiZyPHDqy--uhYDGn_g_GOdbjIqSuM1tDlQ3tT1M5vfMMmTrrfFNhogqfP-iuCmlUdo1368NLPsM0-lHP7k_eYbzjGQg2zOyBz6TtchAbPBCvkz4LtwzEsyhrM1xKCTvMiCOo7wzuC9JVALmR_MO9GWXV3v2SrZRicVNisV2W0cQpmKL_OGLqc_8-9d5r-TbuPbriZRp2K4beXYfAPrLbJ-C1c7pWhF5aklpoPEKN6YJ7cGwMYXRqvIuxyniVeey311gwRTA3_hPDT1TGt-BUOLbcgJHew9IrKpWrJY3UuNFBrDDOeNyrcJUgvO3EyKHOAqxZiHykvpv3Bjo-k3mZvuTSYpPOgTbe-WeZkpM9GGzo4&maxwidth=400
2026-01-20T22:09:54.355Z GET /api/photo?photoreference=AcnlKN1AoDTE6wsbUgqxnI-jXxOVzKFzlkSuXIy1knlrTOUlMEj4i8mzIzL4UC4xmQQeXKjAdEwcD5GxWG07XuWqNyma9pL6ey7vnO574HhFiUNNU9KrKBQtXdIAnCpAahTci1K9ot0NCdLXKTSl4PTmwTs5ZNnL7X7oz4oMLn3n5KGRCbQWGTFgb1DUWjCtXeZmH1PQmV11JrNkqTUAFkOubNQab0ysMHZ1t-NG65bEwqkNjqk3jqLTDJSlhAVrO4DZkvREYH5WUQgkdgQDnddwbOQ4Zr3cB4D8QF3wMDcSKRMl8Fe6RRWv4RZbzODO7srxvBfFuzUNiXcc65lSpy6ynHH8tULyiRP3rNfhjBQYguxEdVj2oRwC93T8AzW8gSk0l59gjniP2NNB2LKgb4-hIqLd8Xh7u7zu3AK4mlQIl4v8Cg&maxwidth=400
2026-01-20T22:09:54.374Z GET /api/photo?photoreference=AcnlKN32ciTnXPdWeJEbcSL_zbUE-mwH0eQlaM4pPnqu-O8MTjI_TLm1aKYi6XI1nIwMo_hYK810iaL4gEOSF0-yhR_vzxIm_3RVQBd6W_LvVMt51QbuALdCv8HUwskEX543y8hN0oZPF1B_peE1LktOm8A1YUCFOUkhLeTDluUL2iCil_DzmA-SZcmC1GUfxn5ViwMv1f01LgFXwqOkXYteV1VF6DQGWAyS78n0-iRFqTyRdEQ5wSKHKp2UMjVK5pgVKSbArQFeB7HRAUQ97EPU5JqqbdSqIGFWOf83jHl7xP-krVM2LTmOn2TE7uBi2dugrbXZ8R3q9Ji9u8K5exBi_Ht5Ewut_RinEMf76RDwFfiKj9-5epfk94lycS6FrgT0mxg5XdSTA9M-e1DgjWafGhFP6F0qsUiZtWO1U2ZWrXGlXHQ&maxwidth=400
2026-01-20T22:09:54.406Z GET /api/photo?photoreference=AcnlKN2TkfUC5l10g-yuvtf15C_307choptq5Tbcbg92LxKs3jEw6yT3mtbd0iZx8bMcF3dg_7gkW7ZG1SGeU-RP7AXxP7iP-21nVQhiHem_ElaS5UX9xsBjLPbffbgqItclRuRQMib51sAgckkEF0GrudbUfhrtUbFlGXniyeg-9AwrwBIn47V0qow4pQmtREgKUZJVxoLZjoQKnCnDFzRe0YcrD75ltJ4rzXwYhJGSC2pYK7nDKTNtINXcAmKnomzq2VHpkq32KxNg5hOHZKayVEBNDhOFdy_0iqJ8L1WaM_eCae0yOLEpVRrum6aLTSRn89YDlaQWFICTYVrQe_Unmm30pH2dd8DvjL0P73DwaNrzdUOZ-fsRJPgHwfu3veVE9q1KHaqHFbrw4R2XD49A-1pq3lzB2QlyRI_lfx062AfRlxoA&maxwidth=400
2026-01-20T22:09:54.433Z GET /api/photo?photoreference=AcnlKN1afD_Wj63RWY6C5PZXxz2BF5CqUvODS59oixzyTlJEw7p5mJcMM8VjY4AFSqwBSil9CgYsvbKEjgCJq63oUEwUFNb-0I7ZgEd3oOP7XKdgU4WjJDbQgZqeco5Clic0GTSwbnIYDl0WJu1HYMQeaPU1FEo8E9o4djcpR02yOLwlx7zEb9U5gfdy0iHOu_y0LQVmE44uwim6kJXFxr4EgWcQ-gA73lTk2H3ZiYNXM-byneBBErvRwcs2VQfCUgttuLftMsz0QX3r3uIWnqc0Gi3CVjn3B_cEtdB7nHM7xeUFPg&maxwidth=400
2026-01-20T22:09:54.446Z GET /api/photo?photoreference=AcnlKN2zHziRjUUF4_ynGd7yn7Mc9UX7vHHxqJyNcHrzTrg9iOkr8QcAyK5WS6uzgqJKS0NYKck9R2vCm2XMMXpqcQl-8vA2Xkr9QyNA6ZdkUYNVUcam6Nu2r2q9hFItMwk-4JnK812JHQVURz0RzKr-_QTXYxjb2JVlmtUR4mCp-9F-mDIMRMmbgQGSqon13piQqre_iunOLX1zs5se9oW9CJP9BDhU3nTA_fefWG-uBHf6t7iDszUkWN8bSZRldBTVI36htx13N4DeunDEtnsbNnNkdWyQknEclrSVs9InCHl_JpG-kSNs-zgoTn74IyPrH8-QlPT0vv8Nsrcmqd-SdysuqKJt9nB0xeDCs69EmfJGKRt48RLRT_a19mqGJ5GJOOTdZkrjxRxDX_cy8AQ1-MxsNDZ6uBr6HzgAP2KecKUmnhAs&maxwidth=400
2026-01-20T22:09:54.457Z GET /api/photo?photoreference=AcnlKN3Z2ft5fd5CwQIT-1y0aSkoF-1QQfAtOVCbihf0-kgh5LK5iPixSKicC7_IQvoiyiff-em03l-XBCButkL-vOEpTd-uKvHhghJ2LDiduifuEJozns8EernkB_kJF_FCuBCCU6M7M_3ZRKJEDwdzOBo8nKkQgfBxk4_7VpH6GqtuvhchPKTXukBDd2ij2dmyLKTpDqMEtZuT6iZAdPgRW4O4AU_lcU-7Bt0A86M-E6H45Ir7-_AVmxv_B4-LtezklpmTHfMPjnDU9EWLNQC8jzxKngr66sBz4v4-xAdWuy4&maxwidth=400
2026-01-20T22:09:54.533Z GET /api/photo?photoreference=AcnlKN0jFiKtpXqk7HeDf0OWQqdXEJECt3DIVc9nRRTsgtszSOOLGxLxV0pX01NM1Xvp7vos48gCfcadcPKEE1Ai3qG-nntYpXZGfyow5aTReBxzAy7bX2YBZl5ThhU-ZU7xg3paJtb8h1iCFVAzuS4IrOodWQRC0Xsd0Szh2I1o_yiZv3xarBaeLdm3pq3nHuTU0AK8XyFQTsJK9WoMy0xngXk_7GBs-U3ySYVtIDq4TeOnUFoN62OUxeo52Uy3DAWh_wxd4094LEGItgCYHPbHyfqBgloKIiGi-RIY-WxqY7RHrw&maxwidth=400
2026-01-20T22:09:54.569Z GET /api/photo?photoreference=AcnlKN3sxbaWHq9cEYMYG6kI__jeTJVjquqy0E7goX0Y3sWBtqGyV86taq8m3GZc-vnMPdhhoHP0qZwNDqMpgFAs8pl5n4kgQMhGZ2jmhfD0QQrVB3wZVnNlVnFWXUIk7v_IObwZqK9SRxOfc9cPwXYQ6RPQGSp-pYZ-g4h1HxXycAxj62NBE5YaeM7shuY60di1L_EgxU_M8bEGL0ZOwlSEef52wiLYhl2wuopbj5vYqnYV_V8b-GvUVZYNeysdoE0CG2U5Nq1WycLmqPYNO0x5Cq4JzsW086M9umRUNCsXUzXxyQ&maxwidth=400
2026-01-20T22:09:54.589Z GET /api/photo?photoreference=AcnlKN2e9wS282UDAmVoQ3X2yL4KrOcStQg9pvX1p6zaUhxxP7Xh31nr_QwwXonVdzC8ol0Qey6hHT-E830hoDw3O3RVIW4thtpepVWiCC_XZ8dLdpr977c9-iWZDT9f28rlSv_9EVBabEPqWeT8mJ_7FnRaC_2OGDB2LFaZK1LjSFeKPwgd6z--IV_we1r_a6fOI2nUJhHFgqJRNgckuJ3cszegGjwNDzZlr5gJVpNfuuvkZe-LpeZsglEy7EDTrUhbbF2QT77Os5vwsnPU8Q9Eca9uHfUZB2MRflhSC4RPLMKohA&maxwidth=400
2026-01-20T22:09:54.632Z GET /api/photo?photoreference=AcnlKN3kndaXrRK3pSxr0jlgubjn3i78FV93tjvj7basRfqKxyoWYjtMzFV-righYSCdugzh3UuLZyQ4AtfFFbwpuSEN__zu32u4NTBhrz75rP-hZvVctZaJ3oZTT7lsH7srkx_vbaHjqL80sR9g2OIedrpKeCw53SbdDr2uCFAIA4CHH5PG-jz4X2ORMUJ0tWW0Ej8q0B7ZT4YSU3zK6Rzs_wJ7klPDYKUWD9uyBQSIYZXrTQpXOFApqyCjn0-OYqCCllcQGmHkb0ED4lXRo57yaV-XN6hvgt4jGKHkNy-CAldVfw&maxwidth=400
2026-01-20T22:09:54.634Z GET /api/photo?photoreference=AcnlKN07Q2jt4gYEPqyFusQGDFgtXfgnjGCHhRpyKNOKqyjVc2OLUbRUyIlOPLDaPlKucpkGuXbiYMjBnt07B9KJTv6bkuILtwmdT70xIFgy7Yl0nB2PIiDHPNuDAnDKtbydSDXm46oJ1jkhZIEpi_Nh7P5IU0SaOOjJXFoBslhogNEwZz2l0MO0CN5bSteEorQ1biz5h7wbrZI1x1YplyhAg_4d5mAghzFx7pKhfE6VIYmxYnKjmiCb0gPdTaVWByT5I7JsenmiqfcKl5FdXSaaW6fkKzBt5uLW-9jFhSweXW1edVkjtwzRdn6Hde68OP0ocbfSb8vbx0Tkrxu8fumIc2LhS09QsgcmaELGFqmK8cMx1j5efT6Ef4j3foAMSp2tS0sxpBZ3tzBECYkbAd2CpSnFOEHwYWrJ4seAJY5ikIz9oPA&maxwidth=400
2026-01-20T22:09:54.649Z GET /api/photo?photoreference=AcnlKN0-65QQoxbup3FEewZNoAKW8YT16bNR7ds4nGc5DVPBFV0_IU37ynBI5nO01fZL5mfVOeviHJuackxsYnmXAKkYWOOo2zcbZN-MseVtCrnEryN0nCFWN9MekybSdgbMnkfQCArUnoYk7czJipK_gZEzEwnsp2zXEYaEWaG_iPqit2yufWlCh8vbX9pfa89e8YaPBsOLYF-FpeZ76CaF98uWx63GkKbdUs9-mlUgi3XbRFf73eEIfZZjRLZ_FZemseghIdViyqCgXSY9OQi4YOEqp4X9eGDvs__iqWww0kAtWA&maxwidth=400
2026-01-20T22:09:54.722Z GET /api/photo?photoreference=AcnlKN0csHHK_-fF6pX6Us2arUZP7WXt5lUy43WJdvRxtfPzcyvvyEhyP9vslD2G09ch5JuXoJtuU9kx9T4TKCd0tNFoSeYr9BuZpy1uS7sjYnTueLoQ5GCWXftEA2CqWVa1iJFZdDWY42uTXr66RKpoJ17WzJURnizdgmy7ql8kI0UW_SMTUBPXqgXdWp8z3fLHokFckBIZ2019We2aY9aJzGvtpu3Sn_-9h2Bx3qIZrizekCYndUbF2z9o5RzWSYqvqL70y1H0o0DTtixHttEh_sPQjQb-w71z5GgoYFnm_TgufgSNTtFSJ1VJHUxynoPTu_HXJGmtimdAPlhgmQVq_l5Iz60UWPfAf5KNkaARqMv4XlnqgYJKGSKB3uxvpUq4bvhxPNjszI2peKXMXbmT71cDYsy5sy4aNJpIt3dqbYytFdbvQpVaR5LaBx1xvMqG&maxwidth=400
2026-01-20T22:09:54.744Z GET /api/photo?photoreference=AcnlKN08Sg_TQYuZ-jKCrmd618nAYbTnd3dmvZaCkadJ1_1qzcIfkTy0Ado6pj2JbQ6V-fDvK2pr1IK5gEBuN9gp6LdbwXgNtxLNQtK-7TAjBBFGNhGbsPKJc6veTMNRVfC8_uT9PDyStoGVzXruX548dcvz85Zsj49V1JpbY3jF_iKQGfb6xpIsHpZvj01uAUVZay7bek44_IwgugbZQUYKudJHbrfssBeKAu4-YKUo1ZyGBJc8U-fOtb_aiObv9frE2LPpme8vOqP72zUoaZINP69eIgOZMKCvqPZBRiDXXuMoHqX68yvALneBNVpYF4UZTh5WscRsIfEzpOfW1BOeQvlE7VnCKl5lkHAtG6FH5-y4QmnzONoevuOS86eSyYp-Tsg5bqQf9QFsUIAtLehUI3gC4Dqw05W88RUCPOl5mZACoxY&maxwidth=400
